-------------------------------------------------------------------------------
Test set: TestSuite
-------------------------------------------------------------------------------
Tests run: 1, Failures: 1, Errors: 0, Skipped: 0, Time elapsed: 14.73 s <<< FAILURE! - in TestSuite
com.practice.TestProjektBonusBerechnung.ZugehoerigkeitGroesser_5.TestMethod  Time elapsed: 13.395 s  <<< FAILURE!
java.lang.AssertionError: expected [true] but found [false]
	at com.practice.TestProjektBonusBerechnung.ZugehoerigkeitGroesser_5.TestMethod(ZugehoerigkeitGroesser_5.java:45)

