<?xml version="1.0" encoding="UTF-8"?>
<testng-results ignored="0" total="1" passed="1" failed="0" skipped="0">
  <reporter-output>
  </reporter-output>
  <suite started-at="2021-07-26T23:36:00Z" name="TestBonusBerechnung" finished-at="2021-07-26T23:36:16Z" duration-ms="16041">
    <groups>
    </groups>
    <test started-at="2021-07-26T23:36:00Z" name="ZugehoerigkeitGroesser_5" finished-at="2021-07-26T23:36:16Z" duration-ms="16041">
      <class name="com.practice.TestProjektBonusBerechnung.ZugehoerigkeitGroesser_5">
        <test-method signature="TestMethod()[pri:0, instance:com.practice.TestProjektBonusBerechnung.ZugehoerigkeitGroesser_5@2ce6c6ec]" started-at="2021-07-26T23:36:00Z" name="TestMethod" finished-at="2021-07-26T23:36:16Z" duration-ms="16012" status="PASS">
          <reporter-output>
          </reporter-output>
        </test-method> <!-- TestMethod -->
      </class> <!-- com.practice.TestProjektBonusBerechnung.ZugehoerigkeitGroesser_5 -->
    </test> <!-- ZugehoerigkeitGroesser_5 -->
  </suite> <!-- TestBonusBerechnung -->
</testng-results>
