<?xml version="1.0" encoding="UTF-8"?>
<testsuite xmlns:xsi="http://www.w3.org/2001/XMLSchema-instance" xsi:noNamespaceSchemaLocation="https://maven.apache.org/surefire/maven-surefire-plugin/xsd/surefire-test-report-3.0.xsd" version="3.0" name="TestSuite" time="3.539" tests="7" errors="0" skipped="6" failures="1">
  <properties>
[...]
</properties>
  <testcase name="setUpTest" classname="com.practice.TestProjektBonusBerechnung.TestBonusberechnung" time="3.159">
    <failure message="session not created: This version of ChromeDriver only supports Chrome version 92&#10;Current browser version is 95.0.4638.69 with binary path C:\Program Files\Google\Chrome\Application\chrome.exe&#10;Build info: version: &apos;3.141.59&apos;, revision: &apos;e82be7d358&apos;, time: &apos;2018-11-14T08:17:03&apos;&#10;System info: host: &apos;PC&apos;, ip: &apos;192.168.0.10&apos;, os.name: &apos;Windows 8.1&apos;, os.arch: &apos;amd64&apos;, os.version: &apos;6.3&apos;, java.version: &apos;16.0.1&apos;&#10;Driver info: driver.version: ChromeDriver&#10;remote stacktrace: Backtrace:&#10;	Ordinal0 [0x00AF5843+2512963]&#10;	Ordinal0 [0x00A8EED1+2092753]&#10;	Ordinal0 [0x00991F48+1056584]&#10;	Ordinal0 [0x009B01AA+1180074]&#10;	Ordinal0 [0x009AC0C5+1163461]&#10;	Ordinal0 [0x009A990F+1153295]&#10;	Ordinal0 [0x009D994F+1349967]&#10;	Ordinal0 [0x009D95BA+1349050]&#10;	Ordinal0 [0x009D54BB+1332411]&#10;	Ordinal0 [0x009B1D14+1187092]&#10;	Ordinal0 [0x009B2B79+1190777]&#10;	GetHandleVerifier [0x00C70C56+1501718]&#10;	GetHandleVerifier [0x00D1E97F+2213695]&#10;	GetHandleVerifier [0x00B78C92+485970]&#10;	GetHandleVerifier [0x00B77D59+482073]&#10;	Ordinal0 [0x00A9471D+2115357]&#10;	Ordinal0 [0x00A98678+2131576]&#10;	Ordinal0 [0x00A987B2+2131890]&#10;	Ordinal0 [0x00AA1971+2169201]&#10;	BaseThreadInitThunk [0x77626A14+36]&#10;	RtlInitializeExceptionChain [0x7787A9EF+143]&#10;	RtlInitializeExceptionChain [0x7787A9BA+90]&#10;" type="org.openqa.selenium.SessionNotCreatedException"><![CDATA[org.openqa.selenium.SessionNotCreatedException: 
session not created: This version of ChromeDriver only supports Chrome version 92
Current browser version is 95.0.4638.69 with binary path C:\Program Files\Google\Chrome\Application\chrome.exe
Build info: version: '3.141.59', revision: 'e82be7d358', time: '2018-11-14T08:17:03'
System info: host: 'PC', ip: '192.168.0.10', os.name: 'Windows 8.1', os.arch: 'amd64', os.version: '6.3', java.version: '16.0.1'
Driver info: driver.version: ChromeDriver
remote stacktrace: Backtrace:
	Ordinal0 [0x00AF5843+2512963]
	Ordinal0 [0x00A8EED1+2092753]
	Ordinal0 [0x00991F48+1056584]
	Ordinal0 [0x009B01AA+1180074]
	Ordinal0 [0x009AC0C5+1163461]
	Ordinal0 [0x009A990F+1153295]
	Ordinal0 [0x009D994F+1349967]
	Ordinal0 [0x009D95BA+1349050]
	Ordinal0 [0x009D54BB+1332411]
	Ordinal0 [0x009B1D14+1187092]
	Ordinal0 [0x009B2B79+1190777]
	GetHandleVerifier [0x00C70C56+1501718]
	GetHandleVerifier [0x00D1E97F+2213695]
	GetHandleVerifier [0x00B78C92+485970]
	GetHandleVerifier [0x00B77D59+482073]
	Ordinal0 [0x00A9471D+2115357]
	Ordinal0 [0x00A98678+2131576]
	Ordinal0 [0x00A987B2+2131890]
	Ordinal0 [0x00AA1971+2169201]
	BaseThreadInitThunk [0x77626A14+36]
	RtlInitializeExceptionChain [0x7787A9EF+143]
	RtlInitializeExceptionChain [0x7787A9BA+90]

	at com.practice.TestProjektBonusBerechnung.TestBonusberechnung.setUpTest(TestBonusberechnung.java:40)
]]></failure>
    <system-out><![CDATA[[TestNGContentHandler] [WARN] It is strongly recommended to add "<!DOCTYPE suite SYSTEM "http://testng.org/testng-1.0.dtd" >" at the top of your file, otherwise TestNG may fail or not work as expected.
]]></system-out>
    <system-err><![CDATA[Starting ChromeDriver 92.0.4515.43 (8c61b7e2989f2990d42f859cac71319137787cce-refs/branch-heads/4515@{#306}) on port 43812
Only local connections are allowed.
Please see https://chromedriver.chromium.org/security-considerations for suggestions on keeping ChromeDriver safe.
ChromeDriver was started successfully.
]]></system-err>
  </testcase>
  <testcase name="ZugoehrigkeitGrosser10" classname="com.practice.TestProjektBonusBerechnung.TestBonusberechnung" time="0">
    <skipped message="session not created: This version of ChromeDriver only supports Chrome version 92&#10;Current browser version is 95.0.4638.69 with binary path C:\Program Files\Google\Chrome\Application\chrome.exe&#10;Build info: version: &apos;3.141.59&apos;, revision: &apos;e82be7d358&apos;, time: &apos;2018-11-14T08:17:03&apos;&#10;System info: host: &apos;PC&apos;, ip: &apos;192.168.0.10&apos;, os.name: &apos;Windows 8.1&apos;, os.arch: &apos;amd64&apos;, os.version: &apos;6.3&apos;, java.version: &apos;16.0.1&apos;&#10;Driver info: driver.version: ChromeDriver&#10;remote stacktrace: Backtrace:&#10;	Ordinal0 [0x00AF5843+2512963]&#10;	Ordinal0 [0x00A8EED1+2092753]&#10;	Ordinal0 [0x00991F48+1056584]&#10;	Ordinal0 [0x009B01AA+1180074]&#10;	Ordinal0 [0x009AC0C5+1163461]&#10;	Ordinal0 [0x009A990F+1153295]&#10;	Ordinal0 [0x009D994F+1349967]&#10;	Ordinal0 [0x009D95BA+1349050]&#10;	Ordinal0 [0x009D54BB+1332411]&#10;	Ordinal0 [0x009B1D14+1187092]&#10;	Ordinal0 [0x009B2B79+1190777]&#10;	GetHandleVerifier [0x00C70C56+1501718]&#10;	GetHandleVerifier [0x00D1E97F+2213695]&#10;	GetHandleVerifier [0x00B78C92+485970]&#10;	GetHandleVerifier [0x00B77D59+482073]&#10;	Ordinal0 [0x00A9471D+2115357]&#10;	Ordinal0 [0x00A98678+2131576]&#10;	Ordinal0 [0x00A987B2+2131890]&#10;	Ordinal0 [0x00AA1971+2169201]&#10;	BaseThreadInitThunk [0x77626A14+36]&#10;	RtlInitializeExceptionChain [0x7787A9EF+143]&#10;	RtlInitializeExceptionChain [0x7787A9BA+90]&#10;"/>
  </testcase>
  <testcase name="ZugoehrigkeitGrosser15" classname="com.practice.TestProjektBonusBerechnung.TestBonusberechnung" time="0">
    <skipped message="session not created: This version of ChromeDriver only supports Chrome version 92&#10;Current browser version is 95.0.4638.69 with binary path C:\Program Files\Google\Chrome\Application\chrome.exe&#10;Build info: version: &apos;3.141.59&apos;, revision: &apos;e82be7d358&apos;, time: &apos;2018-11-14T08:17:03&apos;&#10;System info: host: &apos;PC&apos;, ip: &apos;192.168.0.10&apos;, os.name: &apos;Windows 8.1&apos;, os.arch: &apos;amd64&apos;, os.version: &apos;6.3&apos;, java.version: &apos;16.0.1&apos;&#10;Driver info: driver.version: ChromeDriver&#10;remote stacktrace: Backtrace:&#10;	Ordinal0 [0x00AF5843+2512963]&#10;	Ordinal0 [0x00A8EED1+2092753]&#10;	Ordinal0 [0x00991F48+1056584]&#10;	Ordinal0 [0x009B01AA+1180074]&#10;	Ordinal0 [0x009AC0C5+1163461]&#10;	Ordinal0 [0x009A990F+1153295]&#10;	Ordinal0 [0x009D994F+1349967]&#10;	Ordinal0 [0x009D95BA+1349050]&#10;	Ordinal0 [0x009D54BB+1332411]&#10;	Ordinal0 [0x009B1D14+1187092]&#10;	Ordinal0 [0x009B2B79+1190777]&#10;	GetHandleVerifier [0x00C70C56+1501718]&#10;	GetHandleVerifier [0x00D1E97F+2213695]&#10;	GetHandleVerifier [0x00B78C92+485970]&#10;	GetHandleVerifier [0x00B77D59+482073]&#10;	Ordinal0 [0x00A9471D+2115357]&#10;	Ordinal0 [0x00A98678+2131576]&#10;	Ordinal0 [0x00A987B2+2131890]&#10;	Ordinal0 [0x00AA1971+2169201]&#10;	BaseThreadInitThunk [0x77626A14+36]&#10;	RtlInitializeExceptionChain [0x7787A9EF+143]&#10;	RtlInitializeExceptionChain [0x7787A9BA+90]&#10;"/>
  </testcase>
  <testcase name="ZugoehrigkeitGrosser20" classname="com.practice.TestProjektBonusBerechnung.TestBonusberechnung" time="0">
    <skipped message="session not created: This version of ChromeDriver only supports Chrome version 92&#10;Current browser version is 95.0.4638.69 with binary path C:\Program Files\Google\Chrome\Application\chrome.exe&#10;Build info: version: &apos;3.141.59&apos;, revision: &apos;e82be7d358&apos;, time: &apos;2018-11-14T08:17:03&apos;&#10;System info: host: &apos;PC&apos;, ip: &apos;192.168.0.10&apos;, os.name: &apos;Windows 8.1&apos;, os.arch: &apos;amd64&apos;, os.version: &apos;6.3&apos;, java.version: &apos;16.0.1&apos;&#10;Driver info: driver.version: ChromeDriver&#10;remote stacktrace: Backtrace:&#10;	Ordinal0 [0x00AF5843+2512963]&#10;	Ordinal0 [0x00A8EED1+2092753]&#10;	Ordinal0 [0x00991F48+1056584]&#10;	Ordinal0 [0x009B01AA+1180074]&#10;	Ordinal0 [0x009AC0C5+1163461]&#10;	Ordinal0 [0x009A990F+1153295]&#10;	Ordinal0 [0x009D994F+1349967]&#10;	Ordinal0 [0x009D95BA+1349050]&#10;	Ordinal0 [0x009D54BB+1332411]&#10;	Ordinal0 [0x009B1D14+1187092]&#10;	Ordinal0 [0x009B2B79+1190777]&#10;	GetHandleVerifier [0x00C70C56+1501718]&#10;	GetHandleVerifier [0x00D1E97F+2213695]&#10;	GetHandleVerifier [0x00B78C92+485970]&#10;	GetHandleVerifier [0x00B77D59+482073]&#10;	Ordinal0 [0x00A9471D+2115357]&#10;	Ordinal0 [0x00A98678+2131576]&#10;	Ordinal0 [0x00A987B2+2131890]&#10;	Ordinal0 [0x00AA1971+2169201]&#10;	BaseThreadInitThunk [0x77626A14+36]&#10;	RtlInitializeExceptionChain [0x7787A9EF+143]&#10;	RtlInitializeExceptionChain [0x7787A9BA+90]&#10;"/>
  </testcase>
  <testcase name="ZugoehrigkeitGrosser5" classname="com.practice.TestProjektBonusBerechnung.TestBonusberechnung" time="0">
    <skipped message="session not created: This version of ChromeDriver only supports Chrome version 92&#10;Current browser version is 95.0.4638.69 with binary path C:\Program Files\Google\Chrome\Application\chrome.exe&#10;Build info: version: &apos;3.141.59&apos;, revision: &apos;e82be7d358&apos;, time: &apos;2018-11-14T08:17:03&apos;&#10;System info: host: &apos;PC&apos;, ip: &apos;192.168.0.10&apos;, os.name: &apos;Windows 8.1&apos;, os.arch: &apos;amd64&apos;, os.version: &apos;6.3&apos;, java.version: &apos;16.0.1&apos;&#10;Driver info: driver.version: ChromeDriver&#10;remote stacktrace: Backtrace:&#10;	Ordinal0 [0x00AF5843+2512963]&#10;	Ordinal0 [0x00A8EED1+2092753]&#10;	Ordinal0 [0x00991F48+1056584]&#10;	Ordinal0 [0x009B01AA+1180074]&#10;	Ordinal0 [0x009AC0C5+1163461]&#10;	Ordinal0 [0x009A990F+1153295]&#10;	Ordinal0 [0x009D994F+1349967]&#10;	Ordinal0 [0x009D95BA+1349050]&#10;	Ordinal0 [0x009D54BB+1332411]&#10;	Ordinal0 [0x009B1D14+1187092]&#10;	Ordinal0 [0x009B2B79+1190777]&#10;	GetHandleVerifier [0x00C70C56+1501718]&#10;	GetHandleVerifier [0x00D1E97F+2213695]&#10;	GetHandleVerifier [0x00B78C92+485970]&#10;	GetHandleVerifier [0x00B77D59+482073]&#10;	Ordinal0 [0x00A9471D+2115357]&#10;	Ordinal0 [0x00A98678+2131576]&#10;	Ordinal0 [0x00A987B2+2131890]&#10;	Ordinal0 [0x00AA1971+2169201]&#10;	BaseThreadInitThunk [0x77626A14+36]&#10;	RtlInitializeExceptionChain [0x7787A9EF+143]&#10;	RtlInitializeExceptionChain [0x7787A9BA+90]&#10;"/>
  </testcase>
  <testcase name="ZugoehrigkeitGrosser8" classname="com.practice.TestProjektBonusBerechnung.TestBonusberechnung" time="0">
    <skipped message="session not created: This version of ChromeDriver only supports Chrome version 92&#10;Current browser version is 95.0.4638.69 with binary path C:\Program Files\Google\Chrome\Application\chrome.exe&#10;Build info: version: &apos;3.141.59&apos;, revision: &apos;e82be7d358&apos;, time: &apos;2018-11-14T08:17:03&apos;&#10;System info: host: &apos;PC&apos;, ip: &apos;192.168.0.10&apos;, os.name: &apos;Windows 8.1&apos;, os.arch: &apos;amd64&apos;, os.version: &apos;6.3&apos;, java.version: &apos;16.0.1&apos;&#10;Driver info: driver.version: ChromeDriver&#10;remote stacktrace: Backtrace:&#10;	Ordinal0 [0x00AF5843+2512963]&#10;	Ordinal0 [0x00A8EED1+2092753]&#10;	Ordinal0 [0x00991F48+1056584]&#10;	Ordinal0 [0x009B01AA+1180074]&#10;	Ordinal0 [0x009AC0C5+1163461]&#10;	Ordinal0 [0x009A990F+1153295]&#10;	Ordinal0 [0x009D994F+1349967]&#10;	Ordinal0 [0x009D95BA+1349050]&#10;	Ordinal0 [0x009D54BB+1332411]&#10;	Ordinal0 [0x009B1D14+1187092]&#10;	Ordinal0 [0x009B2B79+1190777]&#10;	GetHandleVerifier [0x00C70C56+1501718]&#10;	GetHandleVerifier [0x00D1E97F+2213695]&#10;	GetHandleVerifier [0x00B78C92+485970]&#10;	GetHandleVerifier [0x00B77D59+482073]&#10;	Ordinal0 [0x00A9471D+2115357]&#10;	Ordinal0 [0x00A98678+2131576]&#10;	Ordinal0 [0x00A987B2+2131890]&#10;	Ordinal0 [0x00AA1971+2169201]&#10;	BaseThreadInitThunk [0x77626A14+36]&#10;	RtlInitializeExceptionChain [0x7787A9EF+143]&#10;	RtlInitializeExceptionChain [0x7787A9BA+90]&#10;"/>
  </testcase>
  <testcase name="tearDownTest" classname="com.practice.TestProjektBonusBerechnung.TestBonusberechnung" time="0">
    <skipped/>
  </testcase>
</testsuite>